<?xml version="1.0" encoding="UTF-8"?>
<testsuite xmlns:xsi="http://www.w3.org/2001/XMLSchema-instance" xsi:noNamespaceSchemaLocation="https://maven.apache.org/surefire/maven-surefire-plugin/xsd/surefire-test-report-3.0.xsd" version="3.0" name="com.hisoka7i.jobListing.JobListingApplicationTests" time="10.975" tests="1" errors="0" skipped="0" failures="0">
  <properties>
    <property name="java.specification.version" value="17"/>
    <property name="sun.jnu.encoding" value="UTF-8"/>
    <property name="java.class.path" value="/Users/air/Documents/Project/JobListing/target/test-classes:/Users/air/Documents/Project/JobListing/target/classes:/Users/air/.m2/repository/org/springframework/boot/spring-boot-starter-data-mongodb/3.2.5-SNAPSHOT/spring-boot-starter-data-mongodb-3.2.5-SNAPSHOT.jar:/Users/air/.m2/repository/org/springframework/boot/spring-boot-starter/3.2.5-SNAPSHOT/spring-boot-starter-3.2.5-SNAPSHOT.jar:/Users/air/.m2/repository/org/springframework/boot/spring-boot/3.2.5-SNAPSHOT/spring-boot-3.2.5-SNAPSHOT.jar:/Users/air/.m2/repository/org/springframework/boot/spring-boot-autoconfigure/3.2.5-SNAPSHOT/spring-boot-autoconfigure-3.2.5-SNAPSHOT.jar:/Users/air/.m2/repository/org/springframework/boot/spring-boot-starter-logging/3.2.5-SNAPSHOT/spring-boot-starter-logging-3.2.5-SNAPSHOT.jar:/Users/air/.m2/repository/ch/qos/logback/logback-classic/1.4.14/logback-classic-1.4.14.jar:/Users/air/.m2/repository/ch/qos/logback/logback-core/1.4.14/logback-core-1.4.14.jar:/Users/air/.m2/repository/org/apache/logging/log4j/log4j-to-slf4j/2.21.1/log4j-to-slf4j-2.21.1.jar:/Users/air/.m2/repository/org/apache/logging/log4j/log4j-api/2.21.1/log4j-api-2.21.1.jar:/Users/air/.m2/repository/org/slf4j/jul-to-slf4j/2.0.12/jul-to-slf4j-2.0.12.jar:/Users/air/.m2/repository/jakarta/annotation/jakarta.annotation-api/2.1.1/jakarta.annotation-api-2.1.1.jar:/Users/air/.m2/repository/org/yaml/snakeyaml/2.2/snakeyaml-2.2.jar:/Users/air/.m2/repository/org/mongodb/mongodb-driver-sync/4.11.1/mongodb-driver-sync-4.11.1.jar:/Users/air/.m2/repository/org/mongodb/bson/4.11.1/bson-4.11.1.jar:/Users/air/.m2/repository/org/mongodb/mongodb-driver-core/4.11.1/mongodb-driver-core-4.11.1.jar:/Users/air/.m2/repository/org/mongodb/bson-record-codec/4.11.1/bson-record-codec-4.11.1.jar:/Users/air/.m2/repository/org/springframework/data/spring-data-mongodb/4.2.5-SNAPSHOT/spring-data-mongodb-4.2.5-SNAPSHOT.jar:/Users/air/.m2/repository/org/springframework/spring-tx/6.1.6-SNAPSHOT/spring-tx-6.1.6-SNAPSHOT.jar:/Users/air/.m2/repository/org/springframework/spring-context/6.1.6-SNAPSHOT/spring-context-6.1.6-SNAPSHOT.jar:/Users/air/.m2/repository/org/springframework/spring-beans/6.1.6-SNAPSHOT/spring-beans-6.1.6-SNAPSHOT.jar:/Users/air/.m2/repository/org/springframework/spring-expression/6.1.6-SNAPSHOT/spring-expression-6.1.6-SNAPSHOT.jar:/Users/air/.m2/repository/org/springframework/data/spring-data-commons/3.2.5-SNAPSHOT/spring-data-commons-3.2.5-SNAPSHOT.jar:/Users/air/.m2/repository/org/springframework/boot/spring-boot-starter-web/3.2.5-SNAPSHOT/spring-boot-starter-web-3.2.5-SNAPSHOT.jar:/Users/air/.m2/repository/org/springframework/boot/spring-boot-starter-json/3.2.5-SNAPSHOT/spring-boot-starter-json-3.2.5-SNAPSHOT.jar:/Users/air/.m2/repository/com/fasterxml/jackson/core/jackson-databind/2.15.4/jackson-databind-2.15.4.jar:/Users/air/.m2/repository/com/fasterxml/jackson/core/jackson-core/2.15.4/jackson-core-2.15.4.jar:/Users/air/.m2/repository/com/fasterxml/jackson/datatype/jackson-datatype-jdk8/2.15.4/jackson-datatype-jdk8-2.15.4.jar:/Users/air/.m2/repository/com/fasterxml/jackson/datatype/jackson-datatype-jsr310/2.15.4/jackson-datatype-jsr310-2.15.4.jar:/Users/air/.m2/repository/com/fasterxml/jackson/module/jackson-module-parameter-names/2.15.4/jackson-module-parameter-names-2.15.4.jar:/Users/air/.m2/repository/org/springframework/boot/spring-boot-starter-tomcat/3.2.5-SNAPSHOT/spring-boot-starter-tomcat-3.2.5-SNAPSHOT.jar:/Users/air/.m2/repository/org/apache/tomcat/embed/tomcat-embed-core/10.1.19/tomcat-embed-core-10.1.19.jar:/Users/air/.m2/repository/org/apache/tomcat/embed/tomcat-embed-el/10.1.19/tomcat-embed-el-10.1.19.jar:/Users/air/.m2/repository/org/apache/tomcat/embed/tomcat-embed-websocket/10.1.19/tomcat-embed-websocket-10.1.19.jar:/Users/air/.m2/repository/org/springframework/spring-web/6.1.6-SNAPSHOT/spring-web-6.1.6-SNAPSHOT.jar:/Users/air/.m2/repository/io/micrometer/micrometer-observation/1.12.5-SNAPSHOT/micrometer-observation-1.12.5-SNAPSHOT.jar:/Users/air/.m2/repository/io/micrometer/micrometer-commons/1.12.5-SNAPSHOT/micrometer-commons-1.12.5-SNAPSHOT.jar:/Users/air/.m2/repository/org/springframework/spring-webmvc/6.1.6-SNAPSHOT/spring-webmvc-6.1.6-SNAPSHOT.jar:/Users/air/.m2/repository/org/springframework/spring-aop/6.1.6-SNAPSHOT/spring-aop-6.1.6-SNAPSHOT.jar:/Users/air/.m2/repository/org/springframework/boot/spring-boot-starter-test/3.2.5-SNAPSHOT/spring-boot-starter-test-3.2.5-SNAPSHOT.jar:/Users/air/.m2/repository/org/springframework/boot/spring-boot-test/3.2.5-SNAPSHOT/spring-boot-test-3.2.5-SNAPSHOT.jar:/Users/air/.m2/repository/org/springframework/boot/spring-boot-test-autoconfigure/3.2.5-SNAPSHOT/spring-boot-test-autoconfigure-3.2.5-SNAPSHOT.jar:/Users/air/.m2/repository/com/jayway/jsonpath/json-path/2.9.0/json-path-2.9.0.jar:/Users/air/.m2/repository/jakarta/xml/bind/jakarta.xml.bind-api/4.0.2/jakarta.xml.bind-api-4.0.2.jar:/Users/air/.m2/repository/jakarta/activation/jakarta.activation-api/2.1.3/jakarta.activation-api-2.1.3.jar:/Users/air/.m2/repository/net/minidev/json-smart/2.5.0/json-smart-2.5.0.jar:/Users/air/.m2/repository/net/minidev/accessors-smart/2.5.0/accessors-smart-2.5.0.jar:/Users/air/.m2/repository/org/ow2/asm/asm/9.3/asm-9.3.jar:/Users/air/.m2/repository/org/assertj/assertj-core/3.24.2/assertj-core-3.24.2.jar:/Users/air/.m2/repository/net/bytebuddy/byte-buddy/1.14.12/byte-buddy-1.14.12.jar:/Users/air/.m2/repository/org/awaitility/awaitility/4.2.0/awaitility-4.2.0.jar:/Users/air/.m2/repository/org/hamcrest/hamcrest/2.2/hamcrest-2.2.jar:/Users/air/.m2/repository/org/junit/jupiter/junit-jupiter/5.10.2/junit-jupiter-5.10.2.jar:/Users/air/.m2/repository/org/junit/jupiter/junit-jupiter-api/5.10.2/junit-jupiter-api-5.10.2.jar:/Users/air/.m2/repository/org/opentest4j/opentest4j/1.3.0/opentest4j-1.3.0.jar:/Users/air/.m2/repository/org/junit/platform/junit-platform-commons/1.10.2/junit-platform-commons-1.10.2.jar:/Users/air/.m2/repository/org/apiguardian/apiguardian-api/1.1.2/apiguardian-api-1.1.2.jar:/Users/air/.m2/repository/org/junit/jupiter/junit-jupiter-params/5.10.2/junit-jupiter-params-5.10.2.jar:/Users/air/.m2/repository/org/junit/jupiter/junit-jupiter-engine/5.10.2/junit-jupiter-engine-5.10.2.jar:/Users/air/.m2/repository/org/junit/platform/junit-platform-engine/1.10.2/junit-platform-engine-1.10.2.jar:/Users/air/.m2/repository/org/mockito/mockito-core/5.7.0/mockito-core-5.7.0.jar:/Users/air/.m2/repository/net/bytebuddy/byte-buddy-agent/1.14.12/byte-buddy-agent-1.14.12.jar:/Users/air/.m2/repository/org/objenesis/objenesis/3.3/objenesis-3.3.jar:/Users/air/.m2/repository/org/mockito/mockito-junit-jupiter/5.7.0/mockito-junit-jupiter-5.7.0.jar:/Users/air/.m2/repository/org/skyscreamer/jsonassert/1.5.1/jsonassert-1.5.1.jar:/Users/air/.m2/repository/com/vaadin/external/google/android-json/0.0.20131108.vaadin1/android-json-0.0.20131108.vaadin1.jar:/Users/air/.m2/repository/org/springframework/spring-core/6.1.6-SNAPSHOT/spring-core-6.1.6-SNAPSHOT.jar:/Users/air/.m2/repository/org/springframework/spring-jcl/6.1.6-SNAPSHOT/spring-jcl-6.1.6-SNAPSHOT.jar:/Users/air/.m2/repository/org/springframework/spring-test/6.1.6-SNAPSHOT/spring-test-6.1.6-SNAPSHOT.jar:/Users/air/.m2/repository/org/xmlunit/xmlunit-core/2.9.1/xmlunit-core-2.9.1.jar:/Users/air/.m2/repository/io/springfox/springfox-swagger2/2.9.2/springfox-swagger2-2.9.2.jar:/Users/air/.m2/repository/io/swagger/swagger-annotations/1.5.20/swagger-annotations-1.5.20.jar:/Users/air/.m2/repository/io/swagger/swagger-models/1.5.20/swagger-models-1.5.20.jar:/Users/air/.m2/repository/com/fasterxml/jackson/core/jackson-annotations/2.15.4/jackson-annotations-2.15.4.jar:/Users/air/.m2/repository/io/springfox/springfox-spi/2.9.2/springfox-spi-2.9.2.jar:/Users/air/.m2/repository/io/springfox/springfox-core/2.9.2/springfox-core-2.9.2.jar:/Users/air/.m2/repository/io/springfox/springfox-schema/2.9.2/springfox-schema-2.9.2.jar:/Users/air/.m2/repository/io/springfox/springfox-swagger-common/2.9.2/springfox-swagger-common-2.9.2.jar:/Users/air/.m2/repository/io/springfox/springfox-spring-web/2.9.2/springfox-spring-web-2.9.2.jar:/Users/air/.m2/repository/com/google/guava/guava/20.0/guava-20.0.jar:/Users/air/.m2/repository/com/fasterxml/classmate/1.6.0/classmate-1.6.0.jar:/Users/air/.m2/repository/org/slf4j/slf4j-api/2.0.12/slf4j-api-2.0.12.jar:/Users/air/.m2/repository/org/springframework/plugin/spring-plugin-core/1.2.0.RELEASE/spring-plugin-core-1.2.0.RELEASE.jar:/Users/air/.m2/repository/org/springframework/plugin/spring-plugin-metadata/1.2.0.RELEASE/spring-plugin-metadata-1.2.0.RELEASE.jar:/Users/air/.m2/repository/org/mapstruct/mapstruct/1.2.0.Final/mapstruct-1.2.0.Final.jar:/Users/air/.m2/repository/io/springfox/springfox-swagger-ui/2.9.2/springfox-swagger-ui-2.9.2.jar:"/>
    <property name="java.vm.vendor" value="Eclipse Adoptium"/>
    <property name="sun.arch.data.model" value="64"/>
    <property name="java.vendor.url" value="https://adoptium.net/"/>
    <property name="user.timezone" value="Asia/Kolkata"/>
    <property name="os.name" value="Mac OS X"/>
    <property name="java.vm.specification.version" value="17"/>
    <property name="sun.java.launcher" value="SUN_STANDARD"/>
    <property name="user.country" value="IN"/>
    <property name="sun.boot.library.path" value="/Library/Java/JavaVirtualMachines/temurin-17.jdk/Contents/Home/lib"/>
    <property name="sun.java.command" value="/Users/air/Documents/Project/JobListing/target/surefire/surefirebooter-20240409172452272_3.jar /Users/air/Documents/Project/JobListing/target/surefire 2024-04-09T17-24-40_343-jvmRun1 surefire-20240409172452272_1tmp surefire_0-20240409172452272_2tmp"/>
    <property name="http.nonProxyHosts" value="local|*.local|169.254/16|*.169.254/16"/>
    <property name="jdk.debug" value="release"/>
    <property name="surefire.test.class.path" value="/Users/air/Documents/Project/JobListing/target/test-classes:/Users/air/Documents/Project/JobListing/target/classes:/Users/air/.m2/repository/org/springframework/boot/spring-boot-starter-data-mongodb/3.2.5-SNAPSHOT/spring-boot-starter-data-mongodb-3.2.5-SNAPSHOT.jar:/Users/air/.m2/repository/org/springframework/boot/spring-boot-starter/3.2.5-SNAPSHOT/spring-boot-starter-3.2.5-SNAPSHOT.jar:/Users/air/.m2/repository/org/springframework/boot/spring-boot/3.2.5-SNAPSHOT/spring-boot-3.2.5-SNAPSHOT.jar:/Users/air/.m2/repository/org/springframework/boot/spring-boot-autoconfigure/3.2.5-SNAPSHOT/spring-boot-autoconfigure-3.2.5-SNAPSHOT.jar:/Users/air/.m2/repository/org/springframework/boot/spring-boot-starter-logging/3.2.5-SNAPSHOT/spring-boot-starter-logging-3.2.5-SNAPSHOT.jar:/Users/air/.m2/repository/ch/qos/logback/logback-classic/1.4.14/logback-classic-1.4.14.jar:/Users/air/.m2/repository/ch/qos/logback/logback-core/1.4.14/logback-core-1.4.14.jar:/Users/air/.m2/repository/org/apache/logging/log4j/log4j-to-slf4j/2.21.1/log4j-to-slf4j-2.21.1.jar:/Users/air/.m2/repository/org/apache/logging/log4j/log4j-api/2.21.1/log4j-api-2.21.1.jar:/Users/air/.m2/repository/org/slf4j/jul-to-slf4j/2.0.12/jul-to-slf4j-2.0.12.jar:/Users/air/.m2/repository/jakarta/annotation/jakarta.annotation-api/2.1.1/jakarta.annotation-api-2.1.1.jar:/Users/air/.m2/repository/org/yaml/snakeyaml/2.2/snakeyaml-2.2.jar:/Users/air/.m2/repository/org/mongodb/mongodb-driver-sync/4.11.1/mongodb-driver-sync-4.11.1.jar:/Users/air/.m2/repository/org/mongodb/bson/4.11.1/bson-4.11.1.jar:/Users/air/.m2/repository/org/mongodb/mongodb-driver-core/4.11.1/mongodb-driver-core-4.11.1.jar:/Users/air/.m2/repository/org/mongodb/bson-record-codec/4.11.1/bson-record-codec-4.11.1.jar:/Users/air/.m2/repository/org/springframework/data/spring-data-mongodb/4.2.5-SNAPSHOT/spring-data-mongodb-4.2.5-SNAPSHOT.jar:/Users/air/.m2/repository/org/springframework/spring-tx/6.1.6-SNAPSHOT/spring-tx-6.1.6-SNAPSHOT.jar:/Users/air/.m2/repository/org/springframework/spring-context/6.1.6-SNAPSHOT/spring-context-6.1.6-SNAPSHOT.jar:/Users/air/.m2/repository/org/springframework/spring-beans/6.1.6-SNAPSHOT/spring-beans-6.1.6-SNAPSHOT.jar:/Users/air/.m2/repository/org/springframework/spring-expression/6.1.6-SNAPSHOT/spring-expression-6.1.6-SNAPSHOT.jar:/Users/air/.m2/repository/org/springframework/data/spring-data-commons/3.2.5-SNAPSHOT/spring-data-commons-3.2.5-SNAPSHOT.jar:/Users/air/.m2/repository/org/springframework/boot/spring-boot-starter-web/3.2.5-SNAPSHOT/spring-boot-starter-web-3.2.5-SNAPSHOT.jar:/Users/air/.m2/repository/org/springframework/boot/spring-boot-starter-json/3.2.5-SNAPSHOT/spring-boot-starter-json-3.2.5-SNAPSHOT.jar:/Users/air/.m2/repository/com/fasterxml/jackson/core/jackson-databind/2.15.4/jackson-databind-2.15.4.jar:/Users/air/.m2/repository/com/fasterxml/jackson/core/jackson-core/2.15.4/jackson-core-2.15.4.jar:/Users/air/.m2/repository/com/fasterxml/jackson/datatype/jackson-datatype-jdk8/2.15.4/jackson-datatype-jdk8-2.15.4.jar:/Users/air/.m2/repository/com/fasterxml/jackson/datatype/jackson-datatype-jsr310/2.15.4/jackson-datatype-jsr310-2.15.4.jar:/Users/air/.m2/repository/com/fasterxml/jackson/module/jackson-module-parameter-names/2.15.4/jackson-module-parameter-names-2.15.4.jar:/Users/air/.m2/repository/org/springframework/boot/spring-boot-starter-tomcat/3.2.5-SNAPSHOT/spring-boot-starter-tomcat-3.2.5-SNAPSHOT.jar:/Users/air/.m2/repository/org/apache/tomcat/embed/tomcat-embed-core/10.1.19/tomcat-embed-core-10.1.19.jar:/Users/air/.m2/repository/org/apache/tomcat/embed/tomcat-embed-el/10.1.19/tomcat-embed-el-10.1.19.jar:/Users/air/.m2/repository/org/apache/tomcat/embed/tomcat-embed-websocket/10.1.19/tomcat-embed-websocket-10.1.19.jar:/Users/air/.m2/repository/org/springframework/spring-web/6.1.6-SNAPSHOT/spring-web-6.1.6-SNAPSHOT.jar:/Users/air/.m2/repository/io/micrometer/micrometer-observation/1.12.5-SNAPSHOT/micrometer-observation-1.12.5-SNAPSHOT.jar:/Users/air/.m2/repository/io/micrometer/micrometer-commons/1.12.5-SNAPSHOT/micrometer-commons-1.12.5-SNAPSHOT.jar:/Users/air/.m2/repository/org/springframework/spring-webmvc/6.1.6-SNAPSHOT/spring-webmvc-6.1.6-SNAPSHOT.jar:/Users/air/.m2/repository/org/springframework/spring-aop/6.1.6-SNAPSHOT/spring-aop-6.1.6-SNAPSHOT.jar:/Users/air/.m2/repository/org/springframework/boot/spring-boot-starter-test/3.2.5-SNAPSHOT/spring-boot-starter-test-3.2.5-SNAPSHOT.jar:/Users/air/.m2/repository/org/springframework/boot/spring-boot-test/3.2.5-SNAPSHOT/spring-boot-test-3.2.5-SNAPSHOT.jar:/Users/air/.m2/repository/org/springframework/boot/spring-boot-test-autoconfigure/3.2.5-SNAPSHOT/spring-boot-test-autoconfigure-3.2.5-SNAPSHOT.jar:/Users/air/.m2/repository/com/jayway/jsonpath/json-path/2.9.0/json-path-2.9.0.jar:/Users/air/.m2/repository/jakarta/xml/bind/jakarta.xml.bind-api/4.0.2/jakarta.xml.bind-api-4.0.2.jar:/Users/air/.m2/repository/jakarta/activation/jakarta.activation-api/2.1.3/jakarta.activation-api-2.1.3.jar:/Users/air/.m2/repository/net/minidev/json-smart/2.5.0/json-smart-2.5.0.jar:/Users/air/.m2/repository/net/minidev/accessors-smart/2.5.0/accessors-smart-2.5.0.jar:/Users/air/.m2/repository/org/ow2/asm/asm/9.3/asm-9.3.jar:/Users/air/.m2/repository/org/assertj/assertj-core/3.24.2/assertj-core-3.24.2.jar:/Users/air/.m2/repository/net/bytebuddy/byte-buddy/1.14.12/byte-buddy-1.14.12.jar:/Users/air/.m2/repository/org/awaitility/awaitility/4.2.0/awaitility-4.2.0.jar:/Users/air/.m2/repository/org/hamcrest/hamcrest/2.2/hamcrest-2.2.jar:/Users/air/.m2/repository/org/junit/jupiter/junit-jupiter/5.10.2/junit-jupiter-5.10.2.jar:/Users/air/.m2/repository/org/junit/jupiter/junit-jupiter-api/5.10.2/junit-jupiter-api-5.10.2.jar:/Users/air/.m2/repository/org/opentest4j/opentest4j/1.3.0/opentest4j-1.3.0.jar:/Users/air/.m2/repository/org/junit/platform/junit-platform-commons/1.10.2/junit-platform-commons-1.10.2.jar:/Users/air/.m2/repository/org/apiguardian/apiguardian-api/1.1.2/apiguardian-api-1.1.2.jar:/Users/air/.m2/repository/org/junit/jupiter/junit-jupiter-params/5.10.2/junit-jupiter-params-5.10.2.jar:/Users/air/.m2/repository/org/junit/jupiter/junit-jupiter-engine/5.10.2/junit-jupiter-engine-5.10.2.jar:/Users/air/.m2/repository/org/junit/platform/junit-platform-engine/1.10.2/junit-platform-engine-1.10.2.jar:/Users/air/.m2/repository/org/mockito/mockito-core/5.7.0/mockito-core-5.7.0.jar:/Users/air/.m2/repository/net/bytebuddy/byte-buddy-agent/1.14.12/byte-buddy-agent-1.14.12.jar:/Users/air/.m2/repository/org/objenesis/objenesis/3.3/objenesis-3.3.jar:/Users/air/.m2/repository/org/mockito/mockito-junit-jupiter/5.7.0/mockito-junit-jupiter-5.7.0.jar:/Users/air/.m2/repository/org/skyscreamer/jsonassert/1.5.1/jsonassert-1.5.1.jar:/Users/air/.m2/repository/com/vaadin/external/google/android-json/0.0.20131108.vaadin1/android-json-0.0.20131108.vaadin1.jar:/Users/air/.m2/repository/org/springframework/spring-core/6.1.6-SNAPSHOT/spring-core-6.1.6-SNAPSHOT.jar:/Users/air/.m2/repository/org/springframework/spring-jcl/6.1.6-SNAPSHOT/spring-jcl-6.1.6-SNAPSHOT.jar:/Users/air/.m2/repository/org/springframework/spring-test/6.1.6-SNAPSHOT/spring-test-6.1.6-SNAPSHOT.jar:/Users/air/.m2/repository/org/xmlunit/xmlunit-core/2.9.1/xmlunit-core-2.9.1.jar:/Users/air/.m2/repository/io/springfox/springfox-swagger2/2.9.2/springfox-swagger2-2.9.2.jar:/Users/air/.m2/repository/io/swagger/swagger-annotations/1.5.20/swagger-annotations-1.5.20.jar:/Users/air/.m2/repository/io/swagger/swagger-models/1.5.20/swagger-models-1.5.20.jar:/Users/air/.m2/repository/com/fasterxml/jackson/core/jackson-annotations/2.15.4/jackson-annotations-2.15.4.jar:/Users/air/.m2/repository/io/springfox/springfox-spi/2.9.2/springfox-spi-2.9.2.jar:/Users/air/.m2/repository/io/springfox/springfox-core/2.9.2/springfox-core-2.9.2.jar:/Users/air/.m2/repository/io/springfox/springfox-schema/2.9.2/springfox-schema-2.9.2.jar:/Users/air/.m2/repository/io/springfox/springfox-swagger-common/2.9.2/springfox-swagger-common-2.9.2.jar:/Users/air/.m2/repository/io/springfox/springfox-spring-web/2.9.2/springfox-spring-web-2.9.2.jar:/Users/air/.m2/repository/com/google/guava/guava/20.0/guava-20.0.jar:/Users/air/.m2/repository/com/fasterxml/classmate/1.6.0/classmate-1.6.0.jar:/Users/air/.m2/repository/org/slf4j/slf4j-api/2.0.12/slf4j-api-2.0.12.jar:/Users/air/.m2/repository/org/springframework/plugin/spring-plugin-core/1.2.0.RELEASE/spring-plugin-core-1.2.0.RELEASE.jar:/Users/air/.m2/repository/org/springframework/plugin/spring-plugin-metadata/1.2.0.RELEASE/spring-plugin-metadata-1.2.0.RELEASE.jar:/Users/air/.m2/repository/org/mapstruct/mapstruct/1.2.0.Final/mapstruct-1.2.0.Final.jar:/Users/air/.m2/repository/io/springfox/springfox-swagger-ui/2.9.2/springfox-swagger-ui-2.9.2.jar:"/>
    <property name="sun.cpu.endian" value="little"/>
    <property name="user.home" value="/Users/air"/>
    <property name="user.language" value="en"/>
    <property name="java.specification.vendor" value="Oracle Corporation"/>
    <property name="java.version.date" value="2023-01-17"/>
    <property name="java.home" value="/Library/Java/JavaVirtualMachines/temurin-17.jdk/Contents/Home"/>
    <property name="file.separator" value="/"/>
    <property name="style.color" value="always"/>
    <property name="basedir" value="/Users/air/Documents/Project/JobListing"/>
    <property name="java.vm.compressedOopsMode" value="Zero based"/>
    <property name="line.separator" value="&#10;"/>
    <property name="java.vm.specification.vendor" value="Oracle Corporation"/>
    <property name="java.specification.name" value="Java Platform API Specification"/>
    <property name="FILE_LOG_CHARSET" value="UTF-8"/>
    <property name="java.awt.headless" value="true"/>
    <property name="surefire.real.class.path" value="/Users/air/Documents/Project/JobListing/target/surefire/surefirebooter-20240409172452272_3.jar"/>
    <property name="sun.management.compiler" value="HotSpot 64-Bit Tiered Compilers"/>
    <property name="ftp.nonProxyHosts" value="local|*.local|169.254/16|*.169.254/16"/>
    <property name="java.runtime.version" value="17.0.6+10"/>
    <property name="user.name" value="air"/>
    <property name="path.separator" value=":"/>
    <property name="os.version" value="12.7.1"/>
    <property name="java.runtime.name" value="OpenJDK Runtime Environment"/>
    <property name="file.encoding" value="UTF-8"/>
    <property name="java.vm.name" value="OpenJDK 64-Bit Server VM"/>
    <property name="java.vendor.version" value="Temurin-17.0.6+10"/>
    <property name="localRepository" value="/Users/air/.m2/repository"/>
    <property name="java.vendor.url.bug" value="https://github.com/adoptium/adoptium-support/issues"/>
    <property name="java.io.tmpdir" value="/var/folders/6t/6gfstfwn08g2jhh_m7cylcyc0000gn/T/"/>
    <property name="java.version" value="17.0.6"/>
    <property name="user.dir" value="/Users/air/Documents/Project/JobListing"/>
    <property name="os.arch" value="x86_64"/>
    <property name="java.vm.specification.name" value="Java Virtual Machine Specification"/>
    <property name="PID" value="44892"/>
    <property name="CONSOLE_LOG_CHARSET" value="UTF-8"/>
    <property name="native.encoding" value="UTF-8"/>
    <property name="java.library.path" value="/Users/air/Library/Java/Extensions:/Library/Java/Extensions:/Network/Library/Java/Extensions:/System/Library/Java/Extensions:/usr/lib/java:."/>
    <property name="java.vm.info" value="mixed mode, sharing"/>
    <property name="java.vendor" value="Eclipse Adoptium"/>
    <property name="java.vm.version" value="17.0.6+10"/>
    <property name="sun.io.unicode.encoding" value="UnicodeBig"/>
    <property name="socksNonProxyHosts" value="local|*.local|169.254/16|*.169.254/16"/>
    <property name="java.class.version" value="61.0"/>
    <property name="LOGGED_APPLICATION_NAME" value="[jobListing] "/>
  </properties>
  <testcase name="contextLoads" classname="com.hisoka7i.jobListing.JobListingApplicationTests" time="2.425">
    <system-out><![CDATA[17:24:55.237 [main] INFO org.springframework.test.context.support.AnnotationConfigContextLoaderUtils -- Could not detect default configuration classes for test class [com.hisoka7i.jobListing.JobListingApplicationTests]: JobListingApplicationTests does not declare any static, non-private, non-final, nested classes annotated with @Configuration.
17:24:55.743 [main] INFO org.springframework.boot.test.context.SpringBootTestContextBootstrapper -- Found @SpringBootConfiguration com.hisoka7i.jobListing.JobListingApplication for test class com.hisoka7i.jobListing.JobListingApplicationTests

  .   ____          _            __ _ _
 /\\ / ___'_ __ _ _(_)_ __  __ _ \ \ \ \
( ( )\___ | '_ | '_| | '_ \/ _` | \ \ \ \
 \\/  ___)| |_)| | | | | || (_| |  ) ) ) )
  '  |____| .__|_| |_|_| |_\__, | / / / /
 =========|_|==============|___/=/_/_/_/
 :: Spring Boot ::       (v3.2.5-SNAPSHOT)

2024-04-09T17:24:57.386+05:30  INFO 44892 --- [jobListing] [           main] c.h.j.JobListingApplicationTests         : Starting JobListingApplicationTests using Java 17.0.6 with PID 44892 (started by air in /Users/air/Documents/Project/JobListing)
2024-04-09T17:24:57.388+05:30  INFO 44892 --- [jobListing] [           main] c.h.j.JobListingApplicationTests         : No active profile set, falling back to 1 default profile: "default"
2024-04-09T17:24:59.452+05:30  INFO 44892 --- [jobListing] [           main] .s.d.r.c.RepositoryConfigurationDelegate : Bootstrapping Spring Data MongoDB repositories in DEFAULT mode.
2024-04-09T17:24:59.506+05:30  INFO 44892 --- [jobListing] [           main] .s.d.r.c.RepositoryConfigurationDelegate : Finished Spring Data repository scanning in 33 ms. Found 0 MongoDB repository interfaces.
2024-04-09T17:25:02.005+05:30  INFO 44892 --- [jobListing] [           main] org.mongodb.driver.client                : MongoClient with metadata {"driver": {"name": "mongo-java-driver|sync|spring-boot", "version": "4.11.1"}, "os": {"type": "Darwin", "name": "Mac OS X", "architecture": "x86_64", "version": "12.7.1"}, "platform": "Java/Eclipse Adoptium/17.0.6+10"} created with settings MongoClientSettings{readPreference=primary, writeConcern=WriteConcern{w=null, wTimeout=null ms, journal=null}, retryWrites=true, retryReads=true, readConcern=ReadConcern{level=null}, credential=null, transportSettings=null, streamFactoryFactory=null, commandListeners=[], codecRegistry=ProvidersCodecRegistry{codecProviders=[ValueCodecProvider{}, BsonValueCodecProvider{}, DBRefCodecProvider{}, DBObjectCodecProvider{}, DocumentCodecProvider{}, CollectionCodecProvider{}, IterableCodecProvider{}, MapCodecProvider{}, GeoJsonCodecProvider{}, GridFSFileCodecProvider{}, Jsr310CodecProvider{}, JsonObjectCodecProvider{}, BsonCodecProvider{}, EnumCodecProvider{}, com.mongodb.client.model.mql.ExpressionCodecProvider@4391a2d8, com.mongodb.Jep395RecordCodecProvider@47b269c4, com.mongodb.KotlinCodecProvider@71e7adbb]}, loggerSettings=LoggerSettings{maxDocumentLength=1000}, clusterSettings={hosts=[localhost:27017], srvServiceName=mongodb, mode=SINGLE, requiredClusterType=UNKNOWN, requiredReplicaSetName='null', serverSelector='null', clusterListeners='[]', serverSelectionTimeout='30000 ms', localThreshold='15 ms'}, socketSettings=SocketSettings{connectTimeoutMS=10000, readTimeoutMS=0, receiveBufferSize=0, proxySettings=ProxySettings{host=null, port=null, username=null, password=null}}, heartbeatSocketSettings=SocketSettings{connectTimeoutMS=10000, readTimeoutMS=10000, receiveBufferSize=0, proxySettings=ProxySettings{host=null, port=null, username=null, password=null}}, connectionPoolSettings=ConnectionPoolSettings{maxSize=100, minSize=0, maxWaitTimeMS=120000, maxConnectionLifeTimeMS=0, maxConnectionIdleTimeMS=0, maintenanceInitialDelayMS=0, maintenanceFrequencyMS=60000, connectionPoolListeners=[], maxConnecting=2}, serverSettings=ServerSettings{heartbeatFrequencyMS=10000, minHeartbeatFrequencyMS=500, serverListeners='[]', serverMonitorListeners='[]'}, sslSettings=SslSettings{enabled=false, invalidHostNameAllowed=false, context=null}, applicationName='null', compressorList=[], uuidRepresentation=JAVA_LEGACY, serverApi=null, autoEncryptionSettings=null, dnsClient=null, inetAddressResolver=null, contextProvider=null}
2024-04-09T17:25:02.840+05:30  INFO 44892 --- [jobListing] [           main] c.h.j.JobListingApplicationTests         : Started JobListingApplicationTests in 6.354 seconds (process running for 10.428)
2024-04-09T17:25:03.412+05:30  INFO 44892 --- [jobListing] [localhost:27017] org.mongodb.driver.cluster               : Monitor thread successfully connected to server with description ServerDescription{address=localhost:27017, type=STANDALONE, state=CONNECTED, ok=true, minWireVersion=0, maxWireVersion=21, maxDocumentSize=16777216, logicalSessionTimeoutMinutes=30, roundTripTimeNanos=1402342816}
]]></system-out>
  </testcase>
</testsuite>